从
稀树草原上的树木分布得相当稀疏。
他们的王冠高高在上。
而地面火灾几乎是不可能发生的。
树冠火在枝叶繁茂的树梢燃烧。
从树梢蔓延到树梢
一起。
有些植物物种恢复得比其他物种更快。
在热带稀树草原上，有些植物需要
植物利用，而其他生物则不然。植物
让我们进入所谓的植物状态。
意思是植物利用它们自己的……
再生。
更快地从火灾中恢复。
它们从地下的芽中萌发出来。
数量多吗？
这些火灾发生的频率如何？
气候条件，以及……
这是由人们发起的。
几乎全年都在清理土地。
并控制过度增长。
它们非常常见，大约...
是特定原因导致的结果
就像雷暴时闪电劈下来一样。
嗯，他们不担心……吗？
彻底消灭本土物种之类的吗？
记住，植物会恢复的。
那么，好吧，假设你……
你想要它清晰，以便于培养。
或者让动物……
你可能得设定一个...
为了清理那片土地。
一旦那片土地被清理干净，光线……
实际上，动物可能...
除此之外……
在火边帮助创造土壤。
富含营养，也就是
植物和动物。确实如此。
我给你举个例子。
在美国中西部。
在精心控制的火势辅助下。
安娜橡树将会陷入严重的麻烦。
橡树本身。
耐药性，而大火清除了
以及依附在底部的较小植物。
这能让树木更健康，并使其能够
现在让我把话说清楚。
森林里确实存在真正的危险。
而且它们的树皮更薄。
但忽略这一点的话，
它们几乎是必不可少的。
